Log file open, 11/25/18 16:38:22
LogWindows: Failed to load 'aqProf.dll' (GetLastError=126)
LogWindows: File 'aqProf.dll' does not exist
LogWindows: Failed to load 'VtuneApi.dll' (GetLastError=126)
LogWindows: File 'VtuneApi.dll' does not exist
LogWindows: Failed to load 'VtuneApi32e.dll' (GetLastError=126)
LogWindows: File 'VtuneApi32e.dll' does not exist
LogInit: Display: Running engine for game: DrivingGame
LogPlatformFile: Not using cached read wrapper
LogTaskGraph: Started task graph with 5 named threads and 14 total threads with 3 sets of task threads.
LogStats: Stats thread started at 0.184871
LogD3D11RHI: Loaded GFSDK_Aftermath_Lib.x64.dll
LogICUInternationalization: Display: ICU TimeZone Detection - Raw Offset: +0:00, Platform Override: ''
LogPluginManager: Mounting plugin Paper2D
LogPluginManager: Mounting plugin AISupport
LogPluginManager: Mounting plugin LightPropagationVolume
LogPluginManager: Mounting plugin CLionSourceCodeAccess
LogPluginManager: Mounting plugin CodeLiteSourceCodeAccess
LogPluginManager: Mounting plugin GitSourceControl
LogPluginManager: Mounting plugin KDevelopSourceCodeAccess
LogPluginManager: Mounting plugin NullSourceCodeAccess
LogPluginManager: Mounting plugin PerforceSourceControl
LogPluginManager: Mounting plugin SubversionSourceControl
LogPluginManager: Mounting plugin UObjectPlugin
LogPluginManager: Mounting plugin VisualStudioCodeSourceCodeAccess
LogPluginManager: Mounting plugin VisualStudioSourceCodeAccess
LogPluginManager: Mounting plugin XCodeSourceCodeAccess
LogPluginManager: Mounting plugin AssetManagerEditor
LogPluginManager: Mounting plugin CryptoKeys
LogPluginManager: Mounting plugin DataValidation
LogPluginManager: Mounting plugin FacialAnimation
LogPluginManager: Mounting plugin GameplayTagsEditor
LogPluginManager: Mounting plugin MacGraphicsSwitching
LogPluginManager: Mounting plugin MeshEditor
LogPluginManager: Mounting plugin MobileLauncherProfileWizard
LogPluginManager: Mounting plugin PluginBrowser
LogPluginManager: Mounting plugin SpeedTreeImporter
LogPluginManager: Mounting plugin DatasmithContent
LogPluginManager: Mounting plugin AlembicImporter
LogPluginManager: Mounting plugin AppleImageUtils
LogPluginManager: Mounting plugin AppleVision
LogPluginManager: Mounting plugin BackChannel
LogPluginManager: Mounting plugin CharacterAI
LogPluginManager: Mounting plugin GeometryCache
LogPluginManager: Mounting plugin HTML5Networking
LogPluginManager: Mounting plugin ProxyLODPlugin
LogPluginManager: Mounting plugin RawInput
LogPluginManager: Mounting plugin MagicLeap
LogPluginManager: Mounting plugin MagicLeapEmulator
LogPluginManager: Mounting plugin MagicLeapMedia
LogPluginManager: Mounting plugin AndroidMedia
LogPluginManager: Mounting plugin AvfMedia
LogPluginManager: Mounting plugin ImgMedia
LogPluginManager: Mounting plugin LinearTimecode
LogPluginManager: Mounting plugin MediaCompositing
LogPluginManager: Mounting plugin MediaPlayerEditor
LogPluginManager: Mounting plugin WmfMedia
LogPluginManager: Mounting plugin TcpMessaging
LogPluginManager: Mounting plugin UdpMessaging
LogPluginManager: Mounting plugin ActorSequence
LogPluginManager: Mounting plugin LevelSequenceEditor
LogPluginManager: Mounting plugin MatineeToLevelSequence
LogPluginManager: Mounting plugin NetcodeUnitTest
LogPluginManager: Mounting plugin NUTUnrealEngine4
LogPluginManager: Mounting plugin OnlineSubsystemGooglePlay
LogPluginManager: Mounting plugin OnlineSubsystemIOS
LogPluginManager: Mounting plugin OnlineSubsystem
LogPluginManager: Mounting plugin OnlineSubsystemNull
LogPluginManager: Mounting plugin OnlineSubsystemUtils
LogPluginManager: Mounting plugin LauncherChunkInstaller
LogPluginManager: Mounting plugin AndroidDeviceProfileSelector
LogPluginManager: Mounting plugin AndroidMoviePlayer
LogPluginManager: Mounting plugin AndroidPermission
LogPluginManager: Mounting plugin AppleMoviePlayer
LogPluginManager: Mounting plugin ArchVisCharacter
LogPluginManager: Mounting plugin AudioCapture
LogPluginManager: Mounting plugin CableComponent
LogPluginManager: Mounting plugin CustomMeshComponent
LogPluginManager: Mounting plugin EditableMesh
LogPluginManager: Mounting plugin ExampleDeviceProfileSelector
LogPluginManager: Mounting plugin GoogleCloudMessaging
LogPluginManager: Mounting plugin ImmediatePhysics
LogPluginManager: Mounting plugin IOSDeviceProfileSelector
LogPluginManager: Mounting plugin LinuxDeviceProfileSelector
LogPluginManager: Mounting plugin LocationServicesBPLibrary
LogPluginManager: Mounting plugin MobilePatchingUtils
LogPluginManager: Mounting plugin OculusVR
LogPluginManager: Plugin shader directory ../../../Engine/Plugins/Runtime/Oculus/OculusVR/Shaders found
LogPluginManager: Mapping shader source directory ../../../Engine/Plugins/Runtime/Oculus/OculusVR/Shaders to virtual directory /Plugin/OculusVR
LogPluginManager: Mounting plugin PhysXVehicles
LogPluginManager: Mounting plugin ProceduralMeshComponent
LogPluginManager: Mounting plugin RuntimePhysXCooking
LogPluginManager: Mounting plugin SteamVR
LogPluginManager: Mounting plugin WindowsMoviePlayer
LogStreaming: Display: Took  0.108s to configure plugins.
LogInit: Using libcurl 7.55.1-DEV
LogInit:  - built for x86_64-pc-win32
LogInit:  - supports SSL with OpenSSL/1.0.2h
LogInit:  - supports HTTP deflate (compression) using libz 1.2.8
LogInit:  - other features:
LogInit:      CURL_VERSION_SSL
LogInit:      CURL_VERSION_LIBZ
LogInit:      CURL_VERSION_IPV6
LogInit:      CURL_VERSION_ASYNCHDNS
LogInit:      CURL_VERSION_LARGEFILE
LogInit:      CURL_VERSION_IDN
LogInit:  CurlRequestOptions (configurable via config and command line):
LogInit:  - bVerifyPeer = false  - Libcurl will NOT verify peer certificate
LogInit:  - bUseHttpProxy = false  - Libcurl will NOT use HTTP proxy
LogInit:  - bDontReuseConnections = false  - Libcurl will reuse connections
LogInit:  - CertBundlePath = nullptr  - Libcurl will use whatever was configured at build time.
LogInit:  - MaxHostConnections = 16  - Libcurl will limit the number of connections to a host
LogInit:  - LocalHostAddr = Default
LogInit:  - BufferSize = 65536
LogInit: WinSock: version 1.1 (2.2), MaxSocks=32767, MaxUdp=65467
LogInit: Build: ++UE4+Release-4.20-CL-4369336
LogInit: Engine Version: 4.20.3-4369336+++UE4+Release-4.20
LogInit: Compatible Engine Version: 4.20.0-4212847+++UE4+Release-4.20
LogInit: Net CL: 4212847
LogInit: OS: Windows 10 (), CPU: Intel(R) Core(TM) i5-6600 CPU @ 3.30GHz, GPU: NVIDIA GeForce GTX 970
LogInit: Compiled (64-bit): Sep 17 2018 12:26:19
LogInit: Compiled with Visual C++: 19.13.26129.00
LogInit: Build Configuration: Development
LogInit: Branch Name: ++UE4+Release-4.20
LogInit: Command Line:  
LogInit: Base Directory: C:/Program Files/Epic Games/UE_4.20/Engine/Binaries/Win64/
LogInit: Installed Engine Build: 1
LogDevObjectVersion: Number of dev versions registered: 20
LogDevObjectVersion:   Dev-Blueprints (B0D832E4-1F89-4F0D-ACCF-7EB736FD4AA2): 10
LogDevObjectVersion:   Dev-Build (E1C64328-A22C-4D53-A36C-8E866417BD8C): 0
LogDevObjectVersion:   Dev-Core (375EC13C-06E4-48FB-B500-84F0262A717E): 2
LogDevObjectVersion:   Dev-Editor (E4B068ED-F494-42E9-A231-DA0B2E46BB41): 24
LogDevObjectVersion:   Dev-Framework (CFFC743F-43B0-4480-9391-14DF171D2073): 34
LogDevObjectVersion:   Dev-Mobile (B02B49B5-BB20-44E9-A304-32B752E40360): 2
LogDevObjectVersion:   Dev-Networking (A4E4105C-59A1-49B5-A7C5-40C4547EDFEE): 0
LogDevObjectVersion:   Dev-Online (39C831C9-5AE6-47DC-9A44-9C173E1C8E7C): 0
LogDevObjectVersion:   Dev-Physics (78F01B33-EBEA-4F98-B9B4-84EACCB95AA2): 0
LogDevObjectVersion:   Dev-Platform (6631380F-2D4D-43E0-8009-CF276956A95A): 0
LogDevObjectVersion:   Dev-Rendering (12F88B9F-8875-4AFC-A67C-D90C383ABD29): 26
LogDevObjectVersion:   Dev-Sequencer (7B5AE74C-D270-4C10-A958-57980B212A5A): 9
LogDevObjectVersion:   Dev-VR (D7296918-1DD6-4BDD-9DE2-64A83CC13884): 2
LogDevObjectVersion:   Dev-LoadTimes (C2A15278-BFE7-4AFE-6C17-90FF531DF755): 1
LogDevObjectVersion:   Private-Geometry (6EACA3D4-40EC-4CC1-B786-8BED09428FC5): 3
LogDevObjectVersion:   Dev-AnimPhys (29E575DD-E0A3-4627-9D10-D276232CDCEA): 17
LogDevObjectVersion:   Dev-ReflectionCapture (6B266CEC-1EC7-4B8F-A30B-E4D90942FC07): 1
LogDevObjectVersion:   Dev-Automation (0DF73D61-A23F-47EA-B727-89E90C41499A): 1
LogDevObjectVersion:   FortniteMain (601D1886-AC64-4F84-AA16-D3DE0DEAC7D6): 12
LogDevObjectVersion:   Dev-Enterprise (9DFFBCD6-494F-0158-E221-12823C92A888): 1
LogStreaming: Display: Took  0.000s to delete old logs.
LogInit: Presizing for max 8388607 objects, including 0 objects not considered by GC, pre-allocating 0 bytes for permanent pool.
LogInit: Object subsystem initialized
[2018.11.25-16.38.23:575][  0]LogInit: Selected Device Profile: [Windows]
[2018.11.25-16.38.23:575][  0]LogInit: Applying CVar settings loaded from the selected device profile: [Windows]
[2018.11.25-16.38.23:585][  0]LogHAL: Display: Platform has ~ 16 GB [17116667904 / 17179869184 / 16], which maps to Larger [LargestMinGB=32, LargerMinGB=12, DefaultMinGB=8, SmallerMinGB=6, SmallestMinGB=0)
[2018.11.25-16.38.23:585][  0]LogInit: Setting Device Profile CVar: [[r.Vulkan.UseRealUBs:1]]
[2018.11.25-16.38.23:585][  0]LogInit: Going up to parent DeviceProfile []
[2018.11.25-16.38.23:585][  0]LogInit: Computer: DESKTOP-C6U4EA4
[2018.11.25-16.38.23:585][  0]LogInit: User: ThomasSimon
[2018.11.25-16.38.23:585][  0]LogInit: CPU Page size=4096, Cores=4
[2018.11.25-16.38.23:585][  0]LogInit: High frequency timer resolution =3.234375 MHz
[2018.11.25-16.38.23:585][  0]LogMemory: Memory total: Physical=15.9GB (16GB approx)
[2018.11.25-16.38.23:585][  0]LogMemory: Platform Memory Stats for Windows
[2018.11.25-16.38.23:585][  0]LogMemory: Process Physical Memory: 99.46 MB used, 99.46 MB peak
[2018.11.25-16.38.23:585][  0]LogMemory: Process Virtual Memory: 90.76 MB used, 90.76 MB peak
[2018.11.25-16.38.23:585][  0]LogMemory: Physical Memory: 4056.91 MB used,  12266.82 MB free, 16323.73 MB total
[2018.11.25-16.38.23:585][  0]LogMemory: Virtual Memory: 4631.84 MB used,  12266.82 MB free, 134217728.00 MB total
[2018.11.25-16.38.23:726][  0]LogInit: Using OS detected language (en-GB).
[2018.11.25-16.38.23:727][  0]LogInit: Using OS detected locale (en-GB).
[2018.11.25-16.38.23:727][  0]LogTextLocalizationManager: No specific localization for 'en-GB' exists, so the 'en' localization will be used.
[2018.11.25-16.38.24:080][  0]LogStreaming: Display: Took  0.354s to InitEngineTextLocalization.
[2018.11.25-16.38.24:080][  0]LogInit: Setting process to per monitor DPI aware
[2018.11.25-16.38.24:141][  0]LogSlate: New Slate User Created.  User Index 0, Is Virtual User: 0
[2018.11.25-16.38.24:141][  0]LogSlate: Slate User Registered.  User Index 0, Is Virtual User: 0
[2018.11.25-16.38.24:317][  0]LogHMD: Failed to initialize OpenVR with code 110
[2018.11.25-16.38.24:317][  0]LogD3D11RHI: D3D11 adapters:
[2018.11.25-16.38.24:410][  0]LogD3D11RHI:    0. 'NVIDIA GeForce GTX 970' (Feature Level 11_0)
[2018.11.25-16.38.24:410][  0]LogD3D11RHI:       4043/0/8161 MB DedicatedVideo/DedicatedSystem/SharedSystem, Outputs:3, VendorId:0x10de
[2018.11.25-16.38.24:413][  0]LogD3D11RHI:    1. 'Microsoft Basic Render Driver' (Feature Level 11_0)
[2018.11.25-16.38.24:413][  0]LogD3D11RHI:       0/0/8161 MB DedicatedVideo/DedicatedSystem/SharedSystem, Outputs:0, VendorId:0x1414
[2018.11.25-16.38.24:413][  0]LogD3D11RHI: Chosen D3D11 Adapter: 0
[2018.11.25-16.38.24:418][  0]LogD3D11RHI: Creating new Direct3DDevice
[2018.11.25-16.38.24:418][  0]LogD3D11RHI:     GPU DeviceId: 0x13c2 (for the marketing name, search the web for "GPU Device Id")
[2018.11.25-16.38.24:418][  0]LogWindows: EnumDisplayDevices:
[2018.11.25-16.38.24:418][  0]LogWindows:    0. 'NVIDIA GeForce GTX 970' (P:0 D:1)
[2018.11.25-16.38.24:419][  0]LogWindows:    1. 'NVIDIA GeForce GTX 970' (P:0 D:1)
[2018.11.25-16.38.24:419][  0]LogWindows:    2. 'NVIDIA GeForce GTX 970' (P:1 D:1)
[2018.11.25-16.38.24:419][  0]LogWindows:    3. 'NVIDIA GeForce GTX 970' (P:0 D:0)
[2018.11.25-16.38.24:419][  0]LogWindows: DebugString: FoundDriverCount:4 
[2018.11.25-16.38.24:419][  0]LogD3D11RHI:     Adapter Name: NVIDIA GeForce GTX 970
[2018.11.25-16.38.24:419][  0]LogD3D11RHI:   Driver Version: 398.11 (internal:24.21.13.9811, unified:398.11)
[2018.11.25-16.38.24:419][  0]LogD3D11RHI:      Driver Date: 6-1-2018
[2018.11.25-16.38.24:419][  0]LogRHI: Texture pool is 2830 MB (70% of 4043 MB)
[2018.11.25-16.38.24:450][  0]LogD3D11RHI: Async texture creation enabled
[2018.11.25-16.38.24:467][  0]LogD3D11RHI: GPU Timing Frequency: 1000.000000 (Debug: 2 2)
[2018.11.25-16.38.24:517][  0]LogShaderCompilers: Guid format shader working directory is -5 characters bigger than the processId version (A:/Projects/Unreal Engine Projects/DrivingGame/DrivingGame/Intermediate/Shaders/WorkingDirectory/7960/).
[2018.11.25-16.38.24:518][  0]LogShaderCompilers: Cleaned the shader compiler working directory 'C:/Users/Thomas Simon/AppData/Local/Temp/UnrealShaderWorkingDir/502F14514B92CACD23AC5DA4B83D4BDB/'.
[2018.11.25-16.38.24:777][  0]LogTemp: Display: Loaded TP AllDesktopTargetPlatform
[2018.11.25-16.38.24:800][  0]LogTemp: Display: Loaded TP MacClientTargetPlatform
[2018.11.25-16.38.24:824][  0]LogTemp: Display: Loaded TP MacNoEditorTargetPlatform
[2018.11.25-16.38.24:848][  0]LogTemp: Display: Loaded TP MacServerTargetPlatform
[2018.11.25-16.38.24:872][  0]LogTemp: Display: Loaded TP MacTargetPlatform
[2018.11.25-16.38.24:895][  0]LogTemp: Display: Loaded TP WindowsClientTargetPlatform
[2018.11.25-16.38.24:918][  0]LogTemp: Display: Loaded TP WindowsNoEditorTargetPlatform
[2018.11.25-16.38.24:942][  0]LogTemp: Display: Loaded TP WindowsServerTargetPlatform
[2018.11.25-16.38.24:960][  0]LogTemp: Display: Loaded TP WindowsTargetPlatform
[2018.11.25-16.38.25:046][  0]LogTemp: Display: Loaded TP AndroidTargetPlatform
[2018.11.25-16.38.25:046][  0]LogTemp: Display: Loaded TP AndroidTargetPlatform
[2018.11.25-16.38.25:046][  0]LogTemp: Display: Loaded TP AndroidTargetPlatform
[2018.11.25-16.38.25:046][  0]LogTemp: Display: Loaded TP AndroidTargetPlatform
[2018.11.25-16.38.25:046][  0]LogTemp: Display: Loaded TP AndroidTargetPlatform
[2018.11.25-16.38.25:046][  0]LogTemp: Display: Loaded TP AndroidTargetPlatform
[2018.11.25-16.38.25:046][  0]LogTemp: Display: Loaded TP AndroidTargetPlatform
[2018.11.25-16.38.25:046][  0]LogTemp: Display: Loaded TP AndroidTargetPlatform
[2018.11.25-16.38.25:046][  0]LogTemp: Display: Loaded TP AndroidTargetPlatform
[2018.11.25-16.38.25:046][  0]LogTemp: Display: Loaded TP AndroidTargetPlatform
[2018.11.25-16.38.25:046][  0]LogTemp: Display: Loaded TP AndroidTargetPlatform
[2018.11.25-16.38.25:046][  0]LogTemp: Display: Loaded TP AndroidTargetPlatform
[2018.11.25-16.38.25:046][  0]LogTemp: Display: Loaded TP AndroidTargetPlatform
[2018.11.25-16.38.25:046][  0]LogTemp: Display: Loaded TP AndroidTargetPlatform
[2018.11.25-16.38.25:046][  0]LogTemp: Display: Loaded TP AndroidTargetPlatform
[2018.11.25-16.38.25:046][  0]LogTemp: Display: Loaded TP AndroidTargetPlatform
[2018.11.25-16.38.25:046][  0]LogTemp: Display: Loaded TP AndroidTargetPlatform
[2018.11.25-16.38.25:046][  0]LogTemp: Display: Loaded TP AndroidTargetPlatform
[2018.11.25-16.38.25:062][  0]LogTemp: Display: Loaded TP HTML5TargetPlatform
[2018.11.25-16.38.25:155][  0]LogTemp: Display: Loaded TP IOSTargetPlatform
[2018.11.25-16.38.25:155][  0]LogTemp: Display: Loaded TP IOSTargetPlatform
[2018.11.25-16.38.25:187][  0]LogTemp: Display: Loaded TP TVOSTargetPlatform
[2018.11.25-16.38.25:187][  0]LogTemp: Display: Loaded TP TVOSTargetPlatform
[2018.11.25-16.38.25:212][  0]LogTemp: Display: Loaded TP LinuxClientTargetPlatform
[2018.11.25-16.38.25:237][  0]LogTemp: Display: Loaded TP LinuxNoEditorTargetPlatform
[2018.11.25-16.38.25:259][  0]LogTemp: Display: Loaded TP LinuxServerTargetPlatform
[2018.11.25-16.38.25:283][  0]LogTemp: Display: Loaded TP LinuxTargetPlatform
[2018.11.25-16.38.25:304][  0]LogTemp: Display: Loaded TP LuminTargetPlatform
[2018.11.25-16.38.25:304][  0]LogTargetPlatformManager: Display: Building Assets For Windows
[2018.11.25-16.38.25:667][  0]LogXGEController: Cleaning working directory: C:/Users/Thomas Simon/AppData/Local/Temp/UnrealXGEWorkingDir/
[2018.11.25-16.38.25:667][  0]LogXGEController: Cannot use XGE Controller as Incredibuild is not installed on this machine.
[2018.11.25-16.38.25:667][  0]LogShaderCompilers: Cannot use XGE Shader Compiler as Incredibuild is not installed on this machine.
[2018.11.25-16.38.25:667][  0]LogShaderCompilers: Display: Using Local Shader Compiler.
[2018.11.25-16.38.26:357][  0]LogDerivedDataCache: Display: Max Cache Size: 512 MB
[2018.11.25-16.38.26:423][  0]LogDerivedDataCache: Loaded boot cache 0.07s 73MB C:/Users/Thomas Simon/AppData/Local/UnrealEngine/4.20/DerivedDataCache/Boot.ddc.
[2018.11.25-16.38.26:424][  0]LogDerivedDataCache: Display: Loaded Boot cache: C:/Users/Thomas Simon/AppData/Local/UnrealEngine/4.20/DerivedDataCache/Boot.ddc
[2018.11.25-16.38.26:424][  0]LogDerivedDataCache: FDerivedDataBackendGraph:  Pak pak cache file A:/Projects/Unreal Engine Projects/DrivingGame/DrivingGame/DerivedDataCache/DDC.ddp not found, will not use a pak cache.
[2018.11.25-16.38.26:424][  0]LogDerivedDataCache: Unable to find inner node Pak for hierarchical cache Hierarchy.
[2018.11.25-16.38.26:424][  0]LogDerivedDataCache: FDerivedDataBackendGraph:  CompressedPak pak cache file A:/Projects/Unreal Engine Projects/DrivingGame/DrivingGame/DerivedDataCache/Compressed.ddp not found, will not use a pak cache.
[2018.11.25-16.38.26:424][  0]LogDerivedDataCache: Unable to find inner node CompressedPak for hierarchical cache Hierarchy.
[2018.11.25-16.38.26:436][  0]LogDerivedDataCache: Display: Pak cache opened for reading ../../../Engine/DerivedDataCache/Compressed.ddp.
[2018.11.25-16.38.26:449][  0]LogDerivedDataCache: Using Local data cache path C:/Users/Thomas Simon/AppData/Local/UnrealEngine/Common/DerivedDataCache: Writable
[2018.11.25-16.38.26:449][  0]LogDerivedDataCache: Shared data cache path not found in *engine.ini, will not use an Shared cache.
[2018.11.25-16.38.26:449][  0]LogDerivedDataCache: Unable to find inner node Shared for hierarchical cache Hierarchy.
[2018.11.25-16.38.26:467][  0]LogMaterial: Verifying Global Shaders for PCD3D_SM5
[2018.11.25-16.38.26:468][  0]LogSlate: Using FreeType 2.6.0
[2018.11.25-16.38.26:470][  0]LogSlate: SlateFontServices - WITH_FREETYPE: 1, WITH_HARFBUZZ: 1
[2018.11.25-16.38.26:550][  0]LogAssetRegistry: FAssetRegistry took 0.0256 seconds to start up
[2018.11.25-16.38.26:844][  0]LogInit: Selected Device Profile: [Windows]
[2018.11.25-16.38.27:094][  0]LogSimplygon: Simplygon DLL not present - disabling.
[2018.11.25-16.38.27:129][  0]LogMeshReduction: Using SimplygonSwarm for distributed automatic mesh merging
[2018.11.25-16.38.27:129][  0]LogMeshReduction: Using ProxyLODMeshReduction for automatic mesh merging
[2018.11.25-16.38.27:129][  0]LogMeshReduction: Using QuadricMeshReduction for automatic static mesh reduction
[2018.11.25-16.38.27:129][  0]LogMeshReduction: No automatic skeletal mesh reduction module available
[2018.11.25-16.38.27:153][  0]LogNetVersion: DrivingGame 1.0.0, NetCL: 4212847, EngineNetVer: 5, GameNetVer: 0 (Checksum: 3482434763)
[2018.11.25-16.38.27:700][  0]LogPackageLocalizationCache: Processed 11 localized package path(s) for 2 prioritized culture(s) in 0.145303 seconds
[2018.11.25-16.38.27:705][  0]LogUObjectArray: 38425 objects as part of root set at end of initial load.
[2018.11.25-16.38.27:705][  0]LogUObjectAllocator: 6690864 out of 0 bytes used by permanent object pool.
[2018.11.25-16.38.27:705][  0]LogUObjectArray: CloseDisregardForGC: 0/0 objects in disregard for GC pool
[2018.11.25-16.38.29:180][  0]LogTcpMessaging: Initializing TcpMessaging bridge
[2018.11.25-16.38.29:206][  0]LogUdpMessaging: Initializing bridge on interface 0.0.0.0:0 to multicast group 230.0.0.1:6666.
[2018.11.25-16.38.29:571][  0]SourceControl: Source control is disabled
[2018.11.25-16.38.29:571][  0]SourceControl: Source control is disabled
[2018.11.25-16.38.29:617][  0]SourceControl: Source control is disabled
[2018.11.25-16.38.29:634][  0]SourceControl: Source control is disabled
[2018.11.25-16.38.30:310][  0]LogAndroidPermission: UAndroidPermissionCallbackProxy::GetInstance
[2018.11.25-16.38.30:434][  0]LogOcInput: OculusInput pre-init called
[2018.11.25-16.38.30:549][  0]LogEngine: Initializing Engine...
[2018.11.25-16.38.30:550][  0]LogHMD: Failed to initialize OpenVR with code 110
[2018.11.25-16.38.30:551][  0]LogStats: UGameplayTagsManager::ConstructGameplayTagTree: ImportINI prefixes -  0.000 s
[2018.11.25-16.38.30:551][  0]LogStats: UGameplayTagsManager::ConstructGameplayTagTree: Construct from data asset -  0.000 s
[2018.11.25-16.38.30:551][  0]LogStats: UGameplayTagsManager::ConstructGameplayTagTree: ImportINI -  0.000 s
[2018.11.25-16.38.30:551][  0]LogStats: UGameplayTagsManager::ConstructGameplayTagTree: GameplayTagTreeChangedEvent.Broadcast -  0.000 s
[2018.11.25-16.38.30:747][  0]LogInit: Initializing FReadOnlyCVARCache
[2018.11.25-16.38.30:796][  0]LogAIModule: Creating AISystem for world Untitled
[2018.11.25-16.38.30:814][  0]LogInit: XAudio2 using 'Headphones (High Definition Audio Device)' : 2 channels at 44.1 kHz using 16 bits per sample (channel mask 0x3)
[2018.11.25-16.38.30:830][  0]LogInit: FAudioDevice initialized.
[2018.11.25-16.38.30:831][  0]LogNetVersion: Set ProjectVersion to 1.0.0.0. Version Checksum will be recalculated on next use.
[2018.11.25-16.38.30:906][  0]LogDerivedDataCache: Saved boot cache 0.08s 73MB C:/Users/Thomas Simon/AppData/Local/UnrealEngine/4.20/DerivedDataCache/Boot.ddc.
[2018.11.25-16.38.30:916][  0]LogInit: Texture streaming: Enabled
[2018.11.25-16.38.30:982][  0]LogEngineSessionManager: EngineSessionManager initialized
[2018.11.25-16.38.31:019][  0]LogInit: Transaction tracking system initialized
[2018.11.25-16.38.31:138][  0]BlueprintLog: New page: Editor Load
[2018.11.25-16.38.31:549][  0]LocalizationService: Localization service is disabled
[2018.11.25-16.38.32:035][  0]LogCook: Display: Max memory allowance for cook 16384mb min free memory 0mb
[2018.11.25-16.38.32:035][  0]LogCook: Display: Mobile HDR setting 1
[2018.11.25-16.38.32:035][  0]LogGameplayTags: Display: UGameplayTagsManager::DoneAddingNativeTags. DelegateIsBound: 0
[2018.11.25-16.38.32:035][  0]LogStats: UGameplayTagsManager::ConstructGameplayTagTree: ImportINI prefixes -  0.000 s
[2018.11.25-16.38.32:035][  0]LogStats: UGameplayTagsManager::ConstructGameplayTagTree: Construct from data asset -  0.000 s
[2018.11.25-16.38.32:035][  0]LogStats: UGameplayTagsManager::ConstructGameplayTagTree: ImportINI -  0.000 s
[2018.11.25-16.38.32:035][  0]LogStats: UGameplayTagsManager::ConstructGameplayTagTree: GameplayTagTreeChangedEvent.Broadcast -  0.000 s
[2018.11.25-16.38.32:487][  0]LogFileCache: Scanning file cache for directory 'A:/Projects/Unreal Engine Projects/DrivingGame/DrivingGame/Content/' took 0.01s
[2018.11.25-16.38.32:510][  0]SourceControl: Source control is disabled
[2018.11.25-16.38.32:510][  0]Cmd: MAP LOAD FILE="A:/Projects/Unreal Engine Projects/DrivingGame/DrivingGame/Content/VehicleCPP/Maps/VehicleExampleMap.umap" TEMPLATE=0 SHOWPROGRESS=1 FEATURELEVEL=3
[2018.11.25-16.38.32:511][  0]LightingResults: New page: Lighting Build
[2018.11.25-16.38.32:519][  0]MapCheck: New page: Map Check
[2018.11.25-16.38.32:519][  0]LightingResults: New page: Lighting Build
[2018.11.25-16.38.32:769][  0]LogAIModule: Creating AISystem for world VehicleExampleMap
[2018.11.25-16.38.32:778][  0]LogEditorServer: Finished looking for orphan Actors (0.000 secs)
[2018.11.25-16.38.32:800][  0]Cmd: MAP CHECKDEP NOCLEARLOG
[2018.11.25-16.38.32:855][  0]MapCheck: Map check complete: 0 Error(s), 0 Warning(s), took 56.165ms to complete.
[2018.11.25-16.38.32:855][  0]LogFileHelpers: Loading map 'VehicleExampleMap' took 0.345
[2018.11.25-16.38.33:019][  0]LogSlate: Updating window title bar state: overlay mode, drag disabled, window buttons hidden, title bar hidden
[2018.11.25-16.38.33:027][  0]LogSlate: Updating window title bar state: overlay mode, drag disabled, window buttons hidden, title bar hidden
[2018.11.25-16.38.33:035][  0]LogSlate: Updating window title bar state: overlay mode, drag disabled, window buttons hidden, title bar hidden
[2018.11.25-16.38.33:043][  0]LogSlate: Updating window title bar state: overlay mode, drag disabled, window buttons hidden, title bar hidden
[2018.11.25-16.38.33:073][  0]LogCollectionManager: Loaded 0 collections in 0.001453 seconds
[2018.11.25-16.38.33:129][  0]LogFileCache: Scanning file cache for directory 'A:/Projects/Unreal Engine Projects/DrivingGame/DrivingGame/Saved/Collections/' took 0.01s
[2018.11.25-16.38.33:129][  0]LogFileCache: Scanning file cache for directory 'A:/Projects/Unreal Engine Projects/DrivingGame/DrivingGame/Content/Developers/ThomasSimon/Collections/' took 0.01s
[2018.11.25-16.38.33:129][  0]LogFileCache: Scanning file cache for directory 'A:/Projects/Unreal Engine Projects/DrivingGame/DrivingGame/Content/Collections/' took 0.01s
[2018.11.25-16.38.33:129][  0]LogCollectionManager: Rebuilt the GUID cache for 0 collections in 0.000000 seconds
[2018.11.25-16.38.33:138][  0]LogContentBrowser: Native class hierarchy populated in 0.0082 seconds. Added 2576 classes and 610 folders.
[2018.11.25-16.38.33:156][  0]LogContentBrowser: Native class hierarchy updated for 'WidgetCarousel' in 0.0005 seconds. Added 0 classes and 0 folders.
[2018.11.25-16.38.33:194][  0]LogContentBrowser: Native class hierarchy updated for 'AddContentDialog' in 0.0003 seconds. Added 0 classes and 0 folders.
[2018.11.25-16.38.33:264][  0]LogSlate: Took 0.001894 seconds to synchronously load lazily loaded font '../../../Engine/Content/Slate/Fonts/Roboto-Regular.ttf' (155K)
[2018.11.25-16.38.33:269][  0]LogSlate: Took 0.001754 seconds to synchronously load lazily loaded font '../../../Engine/Content/Slate/Fonts/Roboto-Bold.ttf' (160K)
[2018.11.25-16.38.33:273][  0]LogSlate: Took 0.002213 seconds to synchronously load lazily loaded font '../../../Engine/Content/Editor/Slate/Fonts/FontAwesome.ttf' (139K)
[2018.11.25-16.38.33:343][  0]LogRenderer: Reallocating scene render targets to support 1152x600 Format 10 NumSamples 1 (Frame:1).
[2018.11.25-16.38.33:397][  0]LogSlate: Took 0.002117 seconds to synchronously load lazily loaded font '../../../Engine/Content/Slate/Fonts/Roboto-Light.ttf' (167K)
[2018.11.25-16.38.33:508][  0]LogContentBrowser: Native class hierarchy updated for 'HierarchicalLODOutliner' in 0.0003 seconds. Added 0 classes and 0 folders.
[2018.11.25-16.38.33:508][  0]LogLoad: (Engine Initialization) Total time: 11.63 seconds
[2018.11.25-16.38.33:508][  0]LogLoad: (Engine Initialization) Total Blueprint compile time: 0.00 seconds
[2018.11.25-16.38.33:518][  0]LogWindowsTextInputMethodSystem: Display: IME system now deactivated.
[2018.11.25-16.38.33:519][  0]LogRawInputWindows: Warning: Found device 0 devices
[2018.11.25-16.38.33:519][  0]LogRawInputWindows: Warning: Found device 0 devices
[2018.11.25-16.38.33:519][  0]LogRawInputWindows: Warning: Device was registered succesfully but not connected (Usage:4 UsagePage:1)
[2018.11.25-16.38.33:519][  0]LogRawInputWindows: Warning: Found device 1 devices
[2018.11.25-16.38.33:519][  0]LogRawInputWindows: Warning: Device was registered succesfully but not connected (Usage:5 UsagePage:1)
[2018.11.25-16.38.33:519][  0]LoadErrors: Warning: CreateExport: Failed to load Outer for resource 'Camera0': DrivingGamePawn /Game/VehicleCPP/Maps/VehicleExampleMap.VehicleExampleMap:PersistentLevel.TP_VehiclePawn_9
[2018.11.25-16.38.33:519][  0]LoadErrors: Warning: CreateExport: Failed to load Outer for resource 'InternalCamera': DrivingGamePawn /Game/VehicleCPP/Maps/VehicleExampleMap.VehicleExampleMap:PersistentLevel.TP_VehiclePawn_9
[2018.11.25-16.38.33:519][  0]LoadErrors: Warning: CreateExport: Failed to load Outer for resource 'InternalCameraBase': DrivingGamePawn /Game/VehicleCPP/Maps/VehicleExampleMap.VehicleExampleMap:PersistentLevel.TP_VehiclePawn_9
[2018.11.25-16.38.33:519][  0]LoadErrors: Warning: CreateExport: Failed to load Outer for resource 'VehicleMesh': DrivingGamePawn /Game/VehicleCPP/Maps/VehicleExampleMap.VehicleExampleMap:PersistentLevel.TP_VehiclePawn_9
[2018.11.25-16.38.33:519][  0]LoadErrors: Warning: CreateExport: Failed to load Outer for resource 'SpringArm0': DrivingGamePawn /Game/VehicleCPP/Maps/VehicleExampleMap.VehicleExampleMap:PersistentLevel.TP_VehiclePawn_9
[2018.11.25-16.38.33:519][  0]LoadErrors: Warning: CreateExport: Failed to load Outer for resource 'IncarGear': DrivingGamePawn /Game/VehicleCPP/Maps/VehicleExampleMap.VehicleExampleMap:PersistentLevel.TP_VehiclePawn_9
[2018.11.25-16.38.33:519][  0]LoadErrors: Warning: CreateExport: Failed to load Outer for resource 'IncarSpeed': DrivingGamePawn /Game/VehicleCPP/Maps/VehicleExampleMap.VehicleExampleMap:PersistentLevel.TP_VehiclePawn_9
[2018.11.25-16.38.33:519][  0]LoadErrors: Warning: CreateExport: Failed to load Outer for resource 'MovementComp': DrivingGamePawn /Game/VehicleCPP/Maps/VehicleExampleMap.VehicleExampleMap:PersistentLevel.TP_VehiclePawn_9
[2018.11.25-16.38.33:539][  0]LogAssetRegistry: Asset discovery search completed in 7.0111 seconds
[2018.11.25-16.38.33:541][  0]LogCollectionManager: Rebuilt the object cache for 0 collections in 0.000001 seconds (found 0 objects)
[2018.11.25-16.38.33:541][  0]LogCollectionManager: Fixed up redirectors for 0 collections in 0.000064 seconds (updated 0 objects)
[2018.11.25-16.38.33:542][  0]LogContentStreaming: Texture pool size now 1000 MB
[2018.11.25-16.38.40:349][810]LogSlate: FSceneViewport::OnFocusLost() reason 0
[2018.11.25-16.39.00:903][273]LogSlate: FSceneViewport::OnFocusLost() reason 0
[2018.11.25-16.39.10:096][280]LogSlate: FSceneViewport::OnFocusLost() reason 0
[2018.11.25-16.39.35:478][123]LogSlate: Window 'New Level' being destroyed
[2018.11.25-16.39.35:484][123]Cmd: MAP LOAD FILE="../../../Engine/Content/Maps/Templates/Template_Default.umap" TEMPLATE=1 SHOWPROGRESS=1 FEATURELEVEL=3
[2018.11.25-16.39.35:500][123]LogSlate: Took 0.000187 seconds to synchronously load lazily loaded font '../../../Engine/Content/Slate/Fonts/Roboto-Light.ttf' (167K)
[2018.11.25-16.39.35:508][123]LightingResults: New page: Lighting Build
[2018.11.25-16.39.35:508][123]LoadErrors: New page: Loading map: Template_Default.umap
[2018.11.25-16.39.35:510][123]MapCheck: New page: Map Check
[2018.11.25-16.39.35:510][123]LightingResults: New page: Lighting Build
[2018.11.25-16.39.35:558][123]LogAIModule: Creating AISystem for world Untitled_1
[2018.11.25-16.39.35:619][123]LogEditorServer: Finished looking for orphan Actors (0.000 secs)
[2018.11.25-16.39.35:644][123]Cmd: MAP CHECKDEP NOCLEARLOG
[2018.11.25-16.39.35:706][123]MapCheck: Map check complete: 0 Error(s), 0 Warning(s), took 61.699ms to complete.
[2018.11.25-16.39.35:706][123]LogFileHelpers: Loading map 'Template_Default' took 0.222
[2018.11.25-16.39.47:985][515]LogSlate: Window 'Save Level As' being destroyed
[2018.11.25-16.39.48:078][515]Cmd: OBJ SAVEPACKAGE PACKAGE="/Game/MyContent/Maps/Main" FILE="A:/Projects/Unreal Engine Projects/DrivingGame/DrivingGame/Content/MyContent/Maps/Main.umap" SILENT=true AUTOSAVING=false KEEPDIRTY=false
[2018.11.25-16.39.48:121][515]LogSavePackage: Moving 'A:/Projects/Unreal Engine Projects/DrivingGame/DrivingGame/Saved/Main276942334CE5BBC70D584EB20481A72C.tmp' to 'A:/Projects/Unreal Engine Projects/DrivingGame/DrivingGame/Content/MyContent/Maps/Main.umap'
[2018.11.25-16.39.48:141][515]Cmd: OBJ SAVEPACKAGE PACKAGE="/Game/MyContent/Maps/Main_BuiltData" FILE="A:/Projects/Unreal Engine Projects/DrivingGame/DrivingGame/Content/MyContent/Maps/Main_BuiltData.uasset" SILENT=true
[2018.11.25-16.39.48:154][515]LogSavePackage: Moving 'A:/Projects/Unreal Engine Projects/DrivingGame/DrivingGame/Saved/Main_BuiltData022BCEF84D1FE8AC38F1E982ABC792C3.tmp' to 'A:/Projects/Unreal Engine Projects/DrivingGame/DrivingGame/Content/MyContent/Maps/Main_BuiltData.uasset'
[2018.11.25-16.39.48:165][515]LogFileHelpers: Saving map 'Main' took 0.174
[2018.11.25-16.40.09:356][984]LogAIModule: Creating AISystem for world Advanced_Lighting
[2018.11.25-16.40.10:560][984]LogSlate: Window 'Delete Assets' being destroyed
[2018.11.25-16.40.12:274][151]LogAIModule: Creating AISystem for world Minimal_Default
[2018.11.25-16.40.13:326][151]LogSlate: Window 'Delete Assets' being destroyed
[2018.11.25-16.40.15:349][277]LogAIModule: Creating AISystem for world StarterMap
[2018.11.25-16.40.16:564][277]LogSlate: Window 'Delete Assets' being destroyed
[2018.11.25-16.40.46:275][ 19]LogSlate: Window 'Delete Assets' being destroyed
[2018.11.25-16.41.11:892][987]LogAIModule: Creating AISystem for world VehicleExampleMap
[2018.11.25-16.41.12:998][987]LogSlate: Window 'Delete Assets' being destroyed
[2018.11.25-16.41.13:184][987]LoadErrors: Warning: CreateExport: Failed to load Outer for resource 'Camera0': DrivingGamePawn /Game/VehicleCPP/Maps/VehicleExampleMap.VehicleExampleMap:PersistentLevel.TP_VehiclePawn_9
[2018.11.25-16.41.13:184][987]LoadErrors: Warning: CreateExport: Failed to load Outer for resource 'InternalCamera': DrivingGamePawn /Game/VehicleCPP/Maps/VehicleExampleMap.VehicleExampleMap:PersistentLevel.TP_VehiclePawn_9
[2018.11.25-16.41.13:184][987]LoadErrors: Warning: CreateExport: Failed to load Outer for resource 'InternalCameraBase': DrivingGamePawn /Game/VehicleCPP/Maps/VehicleExampleMap.VehicleExampleMap:PersistentLevel.TP_VehiclePawn_9
[2018.11.25-16.41.13:184][987]LoadErrors: Warning: CreateExport: Failed to load Outer for resource 'VehicleMesh': DrivingGamePawn /Game/VehicleCPP/Maps/VehicleExampleMap.VehicleExampleMap:PersistentLevel.TP_VehiclePawn_9
[2018.11.25-16.41.13:184][987]LoadErrors: Warning: CreateExport: Failed to load Outer for resource 'SpringArm0': DrivingGamePawn /Game/VehicleCPP/Maps/VehicleExampleMap.VehicleExampleMap:PersistentLevel.TP_VehiclePawn_9
[2018.11.25-16.41.13:184][987]LoadErrors: Warning: CreateExport: Failed to load Outer for resource 'IncarGear': DrivingGamePawn /Game/VehicleCPP/Maps/VehicleExampleMap.VehicleExampleMap:PersistentLevel.TP_VehiclePawn_9
[2018.11.25-16.41.13:184][987]LoadErrors: Warning: CreateExport: Failed to load Outer for resource 'IncarSpeed': DrivingGamePawn /Game/VehicleCPP/Maps/VehicleExampleMap.VehicleExampleMap:PersistentLevel.TP_VehiclePawn_9
[2018.11.25-16.41.13:184][987]LoadErrors: Warning: CreateExport: Failed to load Outer for resource 'MovementComp': DrivingGamePawn /Game/VehicleCPP/Maps/VehicleExampleMap.VehicleExampleMap:PersistentLevel.TP_VehiclePawn_9
[2018.11.25-16.41.20:216][697]LogSlate: Window 'Delete Assets' being destroyed
[2018.11.25-16.42.08:681][315]Cmd: OBJ SAVEPACKAGE PACKAGE="/Game/MyContent/Maps/Main" FILE="A:/Projects/Unreal Engine Projects/DrivingGame/DrivingGame/Content/MyContent/Maps/Main.umap" SILENT=true AUTOSAVING=false KEEPDIRTY=false
[2018.11.25-16.42.08:727][315]LogSavePackage: Moving 'A:/Projects/Unreal Engine Projects/DrivingGame/DrivingGame/Saved/Main6C062BD549AC4126553424A9F89A64EC.tmp' to 'A:/Projects/Unreal Engine Projects/DrivingGame/DrivingGame/Content/MyContent/Maps/Main.umap'
[2018.11.25-16.42.08:746][315]Cmd: OBJ SAVEPACKAGE PACKAGE="/Game/MyContent/Maps/Main_BuiltData" FILE="A:/Projects/Unreal Engine Projects/DrivingGame/DrivingGame/Content/MyContent/Maps/Main_BuiltData.uasset" SILENT=true
[2018.11.25-16.42.08:759][315]LogSavePackage: Moving 'A:/Projects/Unreal Engine Projects/DrivingGame/DrivingGame/Saved/Main_BuiltData5FAB4E7F40F53158D613C9B0EF49BA84.tmp' to 'A:/Projects/Unreal Engine Projects/DrivingGame/DrivingGame/Content/MyContent/Maps/Main_BuiltData.uasset'
[2018.11.25-16.42.09:697][427]LogVSAccessor: Warning: Couldn't access Visual Studio
[2018.11.25-16.42.09:712][427]Candidate modules for hot reload:
[2018.11.25-16.42.09:712][427]  DrivingGame
[2018.11.25-16.42.09:712][427]Launching UnrealBuildTool... [C:/Program Files/Epic Games/UE_4.20/Engine/Binaries/DotNET/UnrealBuildTool.exe  -ModuleWithSuffix=DrivingGame,471 Win64 Development -TargetType=Editor -Project="A:/Projects/Unreal Engine Projects/DrivingGame/DrivingGame/DrivingGame.uproject" -canskiplink "A:/Projects/Unreal Engine Projects/DrivingGame/DrivingGame/DrivingGame.uproject" ]
[2018.11.25-16.42.09:713][427]Warning: Starting HotReload took  0.0s.
[2018.11.25-16.42.15:095][ 72]CompilerResultsLog: New page: Compilation - 25 Nov 2018 16:42:15
[2018.11.25-16.42.15:095][ 72]CompilerResultsLog: Performing full C++ include scan (hot reloading a new target)
[2018.11.25-16.42.15:095][ 72]CompilerResultsLog: Using 'git status' to determine working set for adaptive non-unity build.
[2018.11.25-16.42.15:095][ 72]CompilerResultsLog: Creating makefile for hot reloading DrivingGameEditor (no existing makefile)
[2018.11.25-16.42.15:095][ 72]CompilerResultsLog: Compiling game modules for hot reload
[2018.11.25-16.42.15:095][ 72]CompilerResultsLog: Using Visual Studio 2017 14.15.26726 toolchain (C:\Program Files (x86)\Microsoft Visual Studio\2017\Community\VC\Tools\MSVC\14.15.26726) and Windows 10.0.17134.0 SDK (C:\Program Files (x86)\Windows Kits\10).
[2018.11.25-16.42.15:095][ 72]CompilerResultsLog: Target is up to date
[2018.11.25-16.42.15:095][ 72]CompilerResultsLog: Total build time: 5.07 seconds (NoActionsToExecute executor: 0.00 seconds)
[2018.11.25-16.42.15:095][ 72]LogMainFrame: MainFrame: Module compiling took 5.397 seconds
[2018.11.25-16.42.15:125][ 72]LogContentBrowser: Native class hierarchy populated in 0.0085 seconds. Added 2576 classes and 610 folders.
[2018.11.25-16.42.15:128][ 72]Display: HotReload took  5.4s.
